[debug] [2024-11-09T21:07:30.387Z] ----------------------------------------------------------------------
[debug] [2024-11-09T21:07:30.392Z] Command:       C:\Program Files\nodejs\node.exe C:\Users\roche\AppData\Roaming\npm\node_modules\firebase-tools\lib\bin\firebase.js init
[debug] [2024-11-09T21:07:30.392Z] CLI Version:   13.24.2
[debug] [2024-11-09T21:07:30.392Z] Platform:      win32
[debug] [2024-11-09T21:07:30.392Z] Node Version:  v22.9.0
[debug] [2024-11-09T21:07:30.393Z] Time:          Sun Nov 10 2024 05:07:30 GMT+0800 (Philippine Standard Time)
[debug] [2024-11-09T21:07:30.393Z] ----------------------------------------------------------------------
[debug] 
[debug] [2024-11-09T21:07:30.407Z] > command requires scopes: ["email","openid","https://www.googleapis.com/auth/cloudplatformprojects.readonly","https://www.googleapis.com/auth/firebase","https://www.googleapis.com/auth/cloud-platform"]
[debug] [2024-11-09T21:07:30.408Z] > authorizing via signed-in user (asenero.rochelle11@gmail.com)
[info] 
     ######## #### ########  ######## ########     ###     ######  ########
     ##        ##  ##     ## ##       ##     ##  ##   ##  ##       ##
     ######    ##  ########  ######   ########  #########  ######  ######
     ##        ##  ##    ##  ##       ##     ## ##     ##       ## ##
     ##       #### ##     ## ######## ########  ##     ##  ######  ########

You're about to initialize a Firebase project in this directory:

  C:\Users\roche\OneDrive\Documents\GitHub\LibraryBookBorrowingSystem

[info] 
=== Project Setup
[info] 
[info] First, let's associate this project directory with a Firebase project.
[info] You can create multiple project aliases by running firebase use --add, 
[info] but for now we'll just set up a default project.
[info] 
[debug] [2024-11-09T21:08:20.440Z] Checked if tokens are valid: true, expires at: 1731189931809
[debug] [2024-11-09T21:08:20.440Z] Checked if tokens are valid: true, expires at: 1731189931809
[debug] [2024-11-09T21:08:20.443Z] >>> [apiv2][query] GET https://firebase.googleapis.com/v1beta1/projects pageSize=100
[debug] [2024-11-09T21:08:21.214Z] <<< [apiv2][status] GET https://firebase.googleapis.com/v1beta1/projects 200
[debug] [2024-11-09T21:08:21.215Z] <<< [apiv2][body] GET https://firebase.googleapis.com/v1beta1/projects [omitted]
[info] i  Using project librarybookborrowingsystem (LibraryBookBorrowingSystem) 
[info] 
=== Hosting Setup
[debug] [2024-11-09T21:08:31.914Z] Checked if tokens are valid: true, expires at: 1731189931809
[debug] [2024-11-09T21:08:31.914Z] Checked if tokens are valid: true, expires at: 1731189931809
[debug] [2024-11-09T21:08:31.914Z] >>> [apiv2][query] GET https://firebase.googleapis.com/v1beta1/projects/librarybookborrowingsystem [none]
[debug] [2024-11-09T21:08:32.297Z] <<< [apiv2][status] GET https://firebase.googleapis.com/v1beta1/projects/librarybookborrowingsystem 200
[debug] [2024-11-09T21:08:32.298Z] <<< [apiv2][body] GET https://firebase.googleapis.com/v1beta1/projects/librarybookborrowingsystem {"projectId":"librarybookborrowingsystem","projectNumber":"1042804045240","displayName":"LibraryBookBorrowingSystem","name":"projects/librarybookborrowingsystem","resources":{"hostingSite":"librarybookborrowingsystem"},"state":"ACTIVE","etag":"1_c0ab0cde-4121-4656-8b1f-a39e103d0b34"}
[info] 
[info] Your public directory is the folder (relative to your project directory) that
[info] will contain Hosting assets to be uploaded with firebase deploy. If you
[info] have a build process for your assets, use your build's output directory.
[info] 
[debug] [2024-11-09T21:09:28.929Z] >>> [apiv2][query] GET https://www.gstatic.com/firebasejs/releases.json [none]
[debug] [2024-11-09T21:09:29.157Z] <<< [apiv2][status] GET https://www.gstatic.com/firebasejs/releases.json 200
[debug] [2024-11-09T21:09:29.158Z] <<< [apiv2][body] GET https://www.gstatic.com/firebasejs/releases.json {"current":{"version":"11.0.1","browserURL":"https://www.gstatic.com/firebasejs/11.0.1/firebase.js","packageURL":"https://www.gstatic.com/firebasejs/11.0.1/firebase.tgz"},"live":{"version":"11.0","browserURL":"https://www.gstatic.com/firebasejs/live/11.0/firebase.js","packageURL":"https://www.gstatic.com/firebasejs/live/11.0/firebase.tgz"},"components":{"analytics":"https://www.gstatic.com/firebasejs/11.0.1/firebase-analytics.js","app":"https://www.gstatic.com/firebasejs/11.0.1/firebase-app.js","app-check":"https://www.gstatic.com/firebasejs/11.0.1/firebase-app-check.js","auth":"https://www.gstatic.com/firebasejs/11.0.1/firebase-auth.js","auth/cordova":"https://www.gstatic.com/firebasejs/11.0.1/firebase-auth/cordova.js","auth/web-extension":"https://www.gstatic.com/firebasejs/11.0.1/firebase-auth/web-extension.js","functions":"https://www.gstatic.com/firebasejs/11.0.1/firebase-functions.js","firestore":"https://www.gstatic.com/firebasejs/11.0.1/firebase-firestore.js","firestore/lite":"https://www.gstatic.com/firebasejs/11.0.1/firebase-firestore/lite.js","installations":"https://www.gstatic.com/firebasejs/11.0.1/firebase-installations.js","storage":"https://www.gstatic.com/firebasejs/11.0.1/firebase-storage.js","performance":"https://www.gstatic.com/firebasejs/11.0.1/firebase-performance.js","remote-config":"https://www.gstatic.com/firebasejs/11.0.1/firebase-remote-config.js","messaging":"https://www.gstatic.com/firebasejs/11.0.1/firebase-messaging.js","messaging/sw":"https://www.gstatic.com/firebasejs/11.0.1/firebase-messaging/sw.js","database":"https://www.gstatic.com/firebasejs/11.0.1/firebase-database.js","vertexai":"https://www.gstatic.com/firebasejs/11.0.1/firebase-vertexai.js","data-connect":"https://www.gstatic.com/firebasejs/11.0.1/firebase-data-connect.js","firestore.memory":"https://www.gstatic.com/firebasejs/11.0.1/firebase-firestore.memory.js"}}
[info] +  Wrote y/index.html 
[info] 
[info] i  Detected a .git folder at C:\Users\roche\OneDrive\Documents\GitHub\LibraryBookBorrowingSystem 
[info] i  Authorizing with GitHub to upload your service account to a GitHub repository's secrets store. 
[info] 
[info] Visit this URL on this device to log in:
[info] https://github.com/login/oauth/authorize?client_id=89cf50f02ac6aaed3484&state=273932094&redirect_uri=http%3A%2F%2Flocalhost%3A9005&scope=read%3Auser%20repo%20public_repo
[info] 
[info] Waiting for authentication...
[debug] [2024-11-09T21:09:52.052Z] >>> [apiv2][query] POST https://github.com/login/oauth/access_token [none]
[debug] [2024-11-09T21:09:52.052Z] >>> [apiv2][body] POST https://github.com/login/oauth/access_token [stream]
[debug] [2024-11-09T21:09:52.677Z] <<< [apiv2][status] POST https://github.com/login/oauth/access_token 200
[debug] [2024-11-09T21:09:52.678Z] <<< [apiv2][body] POST https://github.com/login/oauth/access_token {"access_token":"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","token_type":"bearer","scope":"read:user,repo"}
[debug] [2024-11-09T21:09:52.685Z] >>> [apiv2][query] GET https://api.github.com/user [none]
[debug] [2024-11-09T21:09:53.320Z] <<< [apiv2][status] GET https://api.github.com/user 200
[debug] [2024-11-09T21:09:53.320Z] <<< [apiv2][body] GET https://api.github.com/user {"login":"RochelleAsenero","id":84199542,"node_id":"MDQ6VXNlcjg0MTk5NTQy","avatar_url":"https://avatars.githubusercontent.com/u/84199542?v=4","gravatar_id":"","url":"https://api.github.com/users/RochelleAsenero","html_url":"https://github.com/RochelleAsenero","followers_url":"https://api.github.com/users/RochelleAsenero/followers","following_url":"https://api.github.com/users/RochelleAsenero/following{/other_user}","gists_url":"https://api.github.com/users/RochelleAsenero/gists{/gist_id}","starred_url":"https://api.github.com/users/RochelleAsenero/starred{/owner}{/repo}","subscriptions_url":"https://api.github.com/users/RochelleAsenero/subscriptions","organizations_url":"https://api.github.com/users/RochelleAsenero/orgs","repos_url":"https://api.github.com/users/RochelleAsenero/repos","events_url":"https://api.github.com/users/RochelleAsenero/events{/privacy}","received_events_url":"https://api.github.com/users/RochelleAsenero/received_events","type":"User","user_view_type":"private","site_admin":false,"name":null,"company":null,"blog":"","location":null,"email":null,"hireable":null,"bio":null,"twitter_username":null,"notification_email":null,"public_repos":4,"public_gists":0,"followers":0,"following":0,"created_at":"2021-05-14T17:31:23Z","updated_at":"2021-05-14T17:34:34Z","private_gists":0,"total_private_repos":0,"owned_private_repos":0,"disk_usage":395,"collaborators":0,"two_factor_authentication":false,"plan":{"name":"free","space":976562499,"collaborators":0,"private_repos":10000}}
[info] 
[info] +  Success! Logged into GitHub as RochelleAsenero 
[info] 
